\BOOKMARK [0][-]{chapter*.2}{\376\377\000A\000b\000s\000t\000r\000a\000c\000t}{}% 1
\BOOKMARK [0][-]{chapter.1}{\376\377\000I\000n\000t\000r\000o\000d\000u\000c\000t\000i\000o\000n}{}% 2
\BOOKMARK [1][-]{section.1.1}{\376\377\000C\000o\000n\000t\000e\000x\000t\000\040\000a\000n\000d\000\040\000O\000b\000j\000e\000c\000t\000i\000v\000e\000s}{chapter.1}% 3
\BOOKMARK [1][-]{section.1.2}{\376\377\000L\000a\000b\000\040\000S\000t\000r\000u\000c\000t\000u\000r\000e\000\040\000O\000v\000e\000r\000v\000i\000e\000w}{chapter.1}% 4
\BOOKMARK [0][-]{chapter.2}{\376\377\000E\000n\000v\000i\000r\000o\000n\000m\000e\000n\000t\000\040\000S\000e\000t\000u\000p}{}% 5
\BOOKMARK [1][-]{section.2.1}{\376\377\000P\000r\000e\000r\000e\000q\000u\000i\000s\000i\000t\000e\000s\000\040\000a\000n\000d\000\040\000T\000o\000o\000l\000s}{chapter.2}% 6
\BOOKMARK [1][-]{section.2.2}{\376\377\000T\000o\000o\000l\000\040\000I\000n\000s\000t\000a\000l\000l\000a\000t\000i\000o\000n}{chapter.2}% 7
\BOOKMARK [1][-]{section.2.3}{\376\377\000R\000e\000p\000o\000s\000i\000t\000o\000r\000y\000\040\000S\000e\000t\000u\000p}{chapter.2}% 8
\BOOKMARK [1][-]{section.2.4}{\376\377\000W\000i\000n\000d\000o\000w\000s\000\040\000v\000s\000\040\000W\000S\000L\000\040\000C\000o\000n\000t\000e\000x\000t}{chapter.2}% 9
\BOOKMARK [1][-]{section.2.5}{\376\377\000P\000r\000o\000j\000e\000c\000t\000\040\000S\000t\000r\000u\000c\000t\000u\000r\000e}{chapter.2}% 10
\BOOKMARK [0][-]{chapter.3}{\376\377\000T\000h\000r\000e\000a\000t\000\040\000M\000o\000d\000e\000l\000i\000n\000g}{}% 11
\BOOKMARK [1][-]{section.3.1}{\376\377\000S\000T\000R\000I\000D\000E\000\040\000M\000e\000t\000h\000o\000d\000o\000l\000o\000g\000y}{chapter.3}% 12
\BOOKMARK [1][-]{section.3.2}{\376\377\000T\000h\000r\000e\000a\000t\000\040\000M\000o\000d\000e\000l\000i\000n\000g\000\040\000P\000r\000o\000c\000e\000s\000s}{chapter.3}% 13
\BOOKMARK [1][-]{section.3.3}{\376\377\000T\000h\000r\000e\000a\000t\000\040\000R\000e\000g\000i\000s\000t\000e\000r\000\040\040\024\000\040\000F\000u\000l\000l\000\040\000R\000i\000s\000k\000\040\000A\000s\000s\000e\000s\000s\000m\000e\000n\000t}{chapter.3}% 14
\BOOKMARK [0][-]{chapter.4}{\376\377\000P\000a\000r\000t\000\040\0001\000\040\040\024\000\040\000B\000u\000i\000l\000d\000\040\000\046\000\040\000B\000r\000e\000a\000k}{}% 15
\BOOKMARK [1][-]{section.4.1}{\376\377\000V\000u\000l\000n\000e\000r\000a\000b\000i\000l\000i\000t\000y\000\040\000E\000x\000p\000l\000o\000i\000t\000a\000t\000i\000o\000n}{chapter.4}% 16
\BOOKMARK [2][-]{subsection.4.1.1}{\376\377\000E\000x\000e\000r\000c\000i\000s\000e\000\040\0001\000\040\040\024\000\040\000S\000Q\000L\000\040\000I\000n\000j\000e\000c\000t\000i\000o\000n\000\040\000\050\000T\0001\000\051}{section.4.1}% 17
\BOOKMARK [2][-]{subsection.4.1.2}{\376\377\000E\000x\000e\000r\000c\000i\000s\000e\000\040\0002\000\040\040\024\000\040\000C\000r\000o\000s\000s\000-\000S\000i\000t\000e\000\040\000S\000c\000r\000i\000p\000t\000i\000n\000g\000\040\000\050\000X\000S\000S\000\051\000\040\000\050\000T\0007\000\051}{section.4.1}% 18
\BOOKMARK [2][-]{subsection.4.1.3}{\376\377\000E\000x\000e\000r\000c\000i\000s\000e\000\040\0003\000\040\040\024\000\040\000O\000S\000\040\000C\000o\000m\000m\000a\000n\000d\000\040\000I\000n\000j\000e\000c\000t\000i\000o\000n\000\040\000\050\000T\0005\000\051}{section.4.1}% 19
\BOOKMARK [2][-]{subsection.4.1.4}{\376\377\000E\000x\000e\000r\000c\000i\000s\000e\000\040\0004\000\040\040\024\000\040\000P\000a\000t\000h\000\040\000T\000r\000a\000v\000e\000r\000s\000a\000l\000\040\000\050\000T\0006\000\051}{section.4.1}% 20
\BOOKMARK [1][-]{section.4.2}{\376\377\000S\000e\000c\000u\000r\000e\000\040\000I\000m\000p\000l\000e\000m\000e\000n\000t\000a\000t\000i\000o\000n}{chapter.4}% 21
\BOOKMARK [0][-]{chapter.5}{\376\377\000P\000a\000r\000t\000\040\0002\000\040\040\024\000\040\000T\000e\000s\000t\000\040\000\046\000\040\000A\000u\000t\000o\000m\000a\000t\000e}{}% 22
\BOOKMARK [1][-]{section.5.1}{\376\377\000S\000A\000S\000T\000\040\040\024\000\040\000S\000t\000a\000t\000i\000c\000\040\000A\000p\000p\000l\000i\000c\000a\000t\000i\000o\000n\000\040\000S\000e\000c\000u\000r\000i\000t\000y\000\040\000T\000e\000s\000t\000i\000n\000g}{chapter.5}% 23
\BOOKMARK [1][-]{section.5.2}{\376\377\000S\000C\000A\000\040\040\024\000\040\000S\000o\000f\000t\000w\000a\000r\000e\000\040\000C\000o\000m\000p\000o\000s\000i\000t\000i\000o\000n\000\040\000A\000n\000a\000l\000y\000s\000i\000s}{chapter.5}% 24
\BOOKMARK [1][-]{section.5.3}{\376\377\000S\000e\000c\000u\000r\000i\000t\000y\000\040\000U\000n\000i\000t\000\040\000T\000e\000s\000t\000i\000n\000g}{chapter.5}% 25
\BOOKMARK [1][-]{section.5.4}{\376\377\000C\000I\000/\000C\000D\000\040\000P\000i\000p\000e\000l\000i\000n\000e\000\040\000w\000i\000t\000h\000\040\000S\000e\000c\000u\000r\000i\000t\000y\000\040\000G\000a\000t\000e\000s}{chapter.5}% 26
\BOOKMARK [0][-]{chapter.6}{\376\377\000P\000a\000r\000t\000\040\0003\000\040\040\024\000\040\000H\000a\000r\000d\000e\000n\000\040\000\046\000\040\000M\000o\000n\000i\000t\000o\000r}{}% 27
\BOOKMARK [1][-]{section.6.1}{\376\377\000D\000o\000c\000k\000e\000r\000\040\000S\000e\000c\000u\000r\000i\000t\000y\000\040\000H\000a\000r\000d\000e\000n\000i\000n\000g}{chapter.6}% 28
\BOOKMARK [1][-]{section.6.2}{\376\377\000R\000u\000n\000t\000i\000m\000e\000\040\000S\000e\000c\000u\000r\000i\000t\000y\000\040\000M\000o\000n\000i\000t\000o\000r\000i\000n\000g}{chapter.6}% 29
\BOOKMARK [1][-]{section.6.3}{\376\377\000S\000e\000c\000u\000r\000i\000t\000y\000\040\000H\000e\000a\000d\000e\000r\000s}{chapter.6}% 30
\BOOKMARK [1][-]{section.6.4}{\376\377\000I\000n\000c\000i\000d\000e\000n\000t\000\040\000R\000e\000s\000p\000o\000n\000s\000e\000\040\000E\000x\000e\000r\000c\000i\000s\000e}{chapter.6}% 31
\BOOKMARK [0][-]{chapter.7}{\376\377\000C\000o\000n\000c\000l\000u\000s\000i\000o\000n}{}% 32
\BOOKMARK [0][-]{chapter*.28}{\376\377\000R\000e\000f\000e\000r\000e\000n\000c\000e\000s}{}% 33
